<?xml version="1.0" encoding="UTF-8"?>
<!-- Generated by org.testng.reporters.JUnitXMLReporter -->
<testsuite ignored="0" hostname="Bangladesh51" failures="1" tests="1" name="Default test" time="22.227" errors="0" timestamp="2024-06-19T21:31:56 EDT">
  <testcase classname="io.cucumber.testng.AbstractTestNGCucumberTests" name="runScenario" time="17.863">
    <failure type="java.lang.AssertionError" message="expected [false] but found [true]">
      <![CDATA[java.lang.AssertionError: expected [false] but found [true]
at org.testng.Assert.fail(Assert.java:111)
at org.testng.Assert.failNotEquals(Assert.java:1578)
at org.testng.Assert.assertFalse(Assert.java:79)
at org.testng.Assert.assertFalse(Assert.java:89)
at ecommerceee.PageActions.EcommerceeeCartPageActions.verifydelete(EcommerceeeCartPageActions.java:34)
at ecommerceeeStepDef.CartActivity.user_verifies_item_is_deleted_from_cart_successfully(CartActivity.java:36)
at ✽.user verifies item is deleted from cart successfully(file:///C:/Users/kazir/eclipse-workspace/ecommerceee/src/test/resources/ecommerceeeAllFeatures/CartActivity.feature:21)
]]>
    </failure>
  </testcase> <!-- runScenario -->
</testsuite> <!-- Default test -->
