<?xml version="1.0" encoding="UTF-8"?>
<!-- Generated by org.testng.reporters.JUnitReportReporter -->
<testsuite hostname="Bangladesh51" failures="1" tests="1" name="ecommerceee.testrunner.EcommerceeeTestRunner" time="17.863" errors="0" timestamp="2024-06-19T21:31:56 EDT" skipped="0">
  <testcase classname="ecommerceee.testrunner.EcommerceeeTestRunner" name="runScenario" time="17.863">
    <failure message="expected [false] but found [true]" type="java.lang.AssertionError">
      <![CDATA[java.lang.AssertionError: expected [false] but found [true]
at org.testng.Assert.fail(Assert.java:111)
at org.testng.Assert.failNotEquals(Assert.java:1578)
at org.testng.Assert.assertFalse(Assert.java:79)
at org.testng.Assert.assertFalse(Assert.java:89)
at ecommerceee.PageActions.EcommerceeeCartPageActions.verifydelete(EcommerceeeCartPageActions.java:34)
at ecommerceeeStepDef.CartActivity.user_verifies_item_is_deleted_from_cart_successfully(CartActivity.java:36)
at ✽.user verifies item is deleted from cart successfully(file:///C:/Users/kazir/eclipse-workspace/ecommerceee/src/test/resources/ecommerceeeAllFeatures/CartActivity.feature:21)
]]>
    </failure>
  </testcase> <!-- runScenario -->
</testsuite> <!-- ecommerceee.testrunner.EcommerceeeTestRunner -->
